Fri Apr 11 12:06:38 UTC 2025
Sat Apr 12 13:02:06 UTC 2025
Sun Apr 13 13:03:19 UTC 2025
Mon Apr 14 13:35:47 UTC 2025
Tue Apr 15 13:36:07 UTC 2025
Wed Apr 16 13:34:32 UTC 2025
Thu Apr 17 13:18:25 UTC 2025
Fri Apr 18 13:14:53 UTC 2025
Sat Apr 19 13:02:30 UTC 2025
Sun Apr 20 13:05:05 UTC 2025
Mon Apr 21 13:16:55 UTC 2025
Tue Apr 22 13:34:34 UTC 2025
Wed Apr 23 13:35:46 UTC 2025
Thu Apr 24 13:36:22 UTC 2025
Fri Apr 25 13:18:36 UTC 2025
Sat Apr 26 13:03:40 UTC 2025
Sun Apr 27 13:04:16 UTC 2025
Mon Apr 28 13:49:51 UTC 2025
Tue Apr 29 13:44:09 UTC 2025
Wed Apr 30 13:19:12 UTC 2025
Thu May  1 13:17:29 UTC 2025
Fri May  2 13:18:36 UTC 2025
Sat May  3 13:04:56 UTC 2025
Sun May  4 13:13:37 UTC 2025
Mon May  5 13:36:00 UTC 2025
Tue May  6 13:38:42 UTC 2025
Wed May  7 13:42:06 UTC 2025
Thu May  8 13:35:06 UTC 2025
Fri May  9 13:34:45 UTC 2025
Sat May 10 13:05:02 UTC 2025
Sun May 11 13:05:32 UTC 2025
Mon May 12 12:26:59 UTC 2025
Tue May 13 12:27:15 UTC 2025
Wed May 14 12:26:00 UTC 2025
Thu May 15 12:26:33 UTC 2025
Fri May 16 12:26:46 UTC 2025
Sat May 17 12:23:00 UTC 2025
Sun May 18 12:23:22 UTC 2025
Mon May 19 12:27:26 UTC 2025
